<?xml version="1.0" encoding="UTF-8"?>
<Site BuildName="(empty)"
	BuildStamp="20240910-1216-Experimental"
	Name="gyozaallacarne-NBLK-WAX9X"
	Generator="ctest-3.16.3"
	CompilerName="/usr/bin/g++"
	CompilerVersion="9.4.0"
	OSName="Linux"
	Hostname="gyozaallacarne-NBLK-WAX9X"
	OSRelease="5.15.0-119-generic"
	OSVersion="#129~20.04.1-Ubuntu SMP Wed Aug 7 13:07:13 UTC 2024"
	OSPlatform="x86_64"
	Is64Bits="1"
	VendorString="AuthenticAMD"
	VendorID="Advanced Micro Devices"
	FamilyID="23"
	ModelID="24"
	ProcessorCacheSize="512"
	NumberOfLogicalCPU="8"
	NumberOfPhysicalCPU="4"
	TotalVirtualMemory="2047"
	TotalPhysicalMemory="6862"
	LogicalProcessorsPerPhysical="2"
	ProcessorClockFrequency="1697.1"
	>
	<Testing>
		<StartDateTime>Sep 10 14:43 CEST</StartDateTime>
		<StartTestTime>1725972235</StartTestTime>
		<TestList/>
		<EndDateTime>Sep 10 14:43 CEST</EndDateTime>
		<EndTestTime>1725972235</EndTestTime>
		<ElapsedMinutes>0</ElapsedMinutes>
	</Testing>
</Site>
